# JRE version: Java(TM) SE Runtime Environment (8.0_251-b08) (build 1.8.0_251-b08)
# Java VM: Java HotSpot(TM) 64-Bit Server VM (25.251-b08 mixed mode linux-amd64 compressed oops)
Heap:
 PSYoungGen      total 5398528K, used 1335109K [0x000000058f000000, 0x00000007b2980000, 0x0000000800000000)
  eden space 1985536K, 0% used [0x000000058f000000,0x000000058f000000,0x0000000608300000)
  from space 3412992K, 39% used [0x0000000608300000,0x0000000659ad1768,0x00000006d8800000)
  to   space 3412992K, 0% used [0x00000006e2480000,0x00000006e2480000,0x00000007b2980000)
 ParOldGen       total 16197632K, used 16197427K [0x00000000ad000000, 0x0000000489a00000, 0x000000058f000000)
  object space 16197632K, 99% used [0x00000000ad000000,0x00000004899cce88,0x0000000489a00000)
 Metaspace       used 16942K, capacity 17048K, committed 17280K, reserved 1064960K
  class space    used 2076K, capacity 2100K, committed 2176K, reserved 1048576K
GC Heap History (10 events):
Event: 734.180 GC heap after
Heap after GC invocations=48 (full 11):
 PSYoungGen      total 5273600K, used 3412957K [0x000000058f000000, 0x00000007a2280000, 0x0000000800000000)
  eden space 1860608K, 0% used [0x000000058f000000,0x000000058f000000,0x0000000600900000)
  from space 3412992K, 99% used [0x00000006d0e00000,0x00000007a12f7578,0x00000007a1300000)
  to   space 3412992K, 0% used [0x0000000600900000,0x0000000600900000,0x00000006d0e00000)
 ParOldGen       total 11060224K, used 8737949K [0x00000000ad000000, 0x0000000350100000, 0x000000058f000000)
  object space 11060224K, 79% used [0x00000000ad000000,0x00000002c25277b0,0x0000000350100000)
 Metaspace       used 16942K, capacity 17048K, committed 17280K, reserved 1064960K
  class space    used 2076K, capacity 2100K, committed 2176K, reserved 1048576K
}
Event: 735.922 GC heap before
{Heap before GC invocations=49 (full 11):
 PSYoungGen      total 5273600K, used 5273565K [0x000000058f000000, 0x00000007a2280000, 0x0000000800000000)
  eden space 1860608K, 100% used [0x000000058f000000,0x0000000600900000,0x0000000600900000)
  from space 3412992K, 99% used [0x00000006d0e00000,0x00000007a12f7578,0x00000007a1300000)
  to   space 3412992K, 0% used [0x0000000600900000,0x0000000600900000,0x00000006d0e00000)
 ParOldGen       total 11060224K, used 8737949K [0x00000000ad000000, 0x0000000350100000, 0x000000058f000000)
  object space 11060224K, 79% used [0x00000000ad000000,0x00000002c25277b0,0x0000000350100000)
 Metaspace       used 16942K, capacity 17048K, committed 17280K, reserved 1064960K
  class space    used 2076K, capacity 2100K, committed 2176K, reserved 1048576K
Event: 737.543 GC heap after
Heap after GC invocations=49 (full 11):
 PSYoungGen      total 5273600K, used 3412839K [0x000000058f000000, 0x00000007ab380000, 0x0000000800000000)
  eden space 1860608K, 0% used [0x000000058f000000,0x000000058f000000,0x0000000600900000)
  from space 3412992K, 99% used [0x0000000600900000,0x00000006d0dd9f78,0x00000006d0e00000)
  to   space 3412992K, 0% used [0x00000006dae80000,0x00000006dae80000,0x00000007ab380000)
 ParOldGen       total 11060224K, used 10579333K [0x00000000ad000000, 0x0000000350100000, 0x000000058f000000)
  object space 11060224K, 95% used [0x00000000ad000000,0x0000000332b617d8,0x0000000350100000)
 Metaspace       used 16942K, capacity 17048K, committed 17280K, reserved 1064960K
  class space    used 2076K, capacity 2100K, committed 2176K, reserved 1048576K
}
Event: 737.543 GC heap before
{Heap before GC invocations=50 (full 12):
 PSYoungGen      total 5273600K, used 3412839K [0x000000058f000000, 0x00000007ab380000, 0x0000000800000000)
  eden space 1860608K, 0% used [0x000000058f000000,0x000000058f000000,0x0000000600900000)
  from space 3412992K, 99% used [0x0000000600900000,0x00000006d0dd9f78,0x00000006d0e00000)
  to   space 3412992K, 0% used [0x00000006dae80000,0x00000006dae80000,0x00000007ab380000)
 ParOldGen       total 11060224K, used 10579333K [0x00000000ad000000, 0x0000000350100000, 0x000000058f000000)
  object space 11060224K, 95% used [0x00000000ad000000,0x0000000332b617d8,0x0000000350100000)
 Metaspace       used 16942K, capacity 17048K, committed 17280K, reserved 1064960K
  class space    used 2076K, capacity 2100K, committed 2176K, reserved 1048576K
Event: 837.719 GC heap after
Heap after GC invocations=50 (full 12):
 PSYoungGen      total 5273600K, used 2666135K [0x000000058f000000, 0x00000007ab380000, 0x0000000800000000)
  eden space 1860608K, 0% used [0x000000058f000000,0x000000058f000000,0x0000000600900000)
  from space 3412992K, 78% used [0x0000000600900000,0x00000006a34a5f50,0x00000006d0e00000)
  to   space 3412992K, 0% used [0x00000006dae80000,0x00000006dae80000,0x00000007ab380000)
 ParOldGen       total 16197632K, used 11059700K [0x00000000ad000000, 0x0000000489a00000, 0x000000058f000000)
  object space 16197632K, 68% used [0x00000000ad000000,0x000000035007d160,0x0000000489a00000)
 Metaspace       used 16942K, capacity 17048K, committed 17280K, reserved 1064960K
  class space    used 2076K, capacity 2100K, committed 2176K, reserved 1048576K
}
Event: 839.530 GC heap before
{Heap before GC invocations=51 (full 12):
 PSYoungGen      total 5273600K, used 4526743K [0x000000058f000000, 0x00000007ab380000, 0x0000000800000000)
  eden space 1860608K, 100% used [0x000000058f000000,0x0000000600900000,0x0000000600900000)
  from space 3412992K, 78% used [0x0000000600900000,0x00000006a34a5f50,0x00000006d0e00000)
  to   space 3412992K, 0% used [0x00000006dae80000,0x00000006dae80000,0x00000007ab380000)
 ParOldGen       total 16197632K, used 11059700K [0x00000000ad000000, 0x0000000489a00000, 0x000000058f000000)
  object space 16197632K, 68% used [0x00000000ad000000,0x000000035007d160,0x0000000489a00000)
 Metaspace       used 16942K, capacity 17048K, committed 17280K, reserved 1064960K
  class space    used 2076K, capacity 2100K, committed 2176K, reserved 1048576K
Event: 840.874 GC heap after
Heap after GC invocations=51 (full 12):
 PSYoungGen      total 5359104K, used 2975541K [0x000000058f000000, 0x00000007a8d00000, 0x0000000800000000)
  eden space 1985536K, 0% used [0x000000058f000000,0x000000058f000000,0x0000000608300000)
  from space 3373568K, 88% used [0x00000006dae80000,0x000000079084d6b8,0x00000007a8d00000)
  to   space 3412992K, 0% used [0x0000000608300000,0x0000000608300000,0x00000006d8800000)
 ParOldGen       total 16197632K, used 12591341K [0x00000000ad000000, 0x0000000489a00000, 0x000000058f000000)
  object space 16197632K, 77% used [0x00000000ad000000,0x00000003ad83b730,0x0000000489a00000)
 Metaspace       used 16942K, capacity 17048K, committed 17280K, reserved 1064960K
  class space    used 2076K, capacity 2100K, committed 2176K, reserved 1048576K
}
Event: 842.335 GC heap before
{Heap before GC invocations=52 (full 12):
 PSYoungGen      total 5359104K, used 4961077K [0x000000058f000000, 0x00000007a8d00000, 0x0000000800000000)
  eden space 1985536K, 100% used [0x000000058f000000,0x0000000608300000,0x0000000608300000)
  from space 3373568K, 88% used [0x00000006dae80000,0x000000079084d6b8,0x00000007a8d00000)
  to   space 3412992K, 0% used [0x0000000608300000,0x0000000608300000,0x00000006d8800000)
 ParOldGen       total 16197632K, used 12591341K [0x00000000ad000000, 0x0000000489a00000, 0x000000058f000000)
  object space 16197632K, 77% used [0x00000000ad000000,0x00000003ad83b730,0x0000000489a00000)
 Metaspace       used 16942K, capacity 17048K, committed 17280K, reserved 1064960K
  class space    used 2076K, capacity 2100K, committed 2176K, reserved 1048576K
Event: 843.714 GC heap after
Heap after GC invocations=52 (full 12):
 PSYoungGen      total 5398528K, used 1966169K [0x000000058f000000, 0x00000007b2980000, 0x0000000800000000)
  eden space 1985536K, 0% used [0x000000058f000000,0x000000058f000000,0x0000000608300000)
  from space 3412992K, 57% used [0x0000000608300000,0x0000000680316550,0x00000006d8800000)
  to   space 3412992K, 0% used [0x00000006e2480000,0x00000006e2480000,0x00000007b2980000)
 ParOldGen       total 16197632K, used 15566788K [0x00000000ad000000, 0x0000000489a00000, 0x000000058f000000)
  object space 16197632K, 96% used [0x00000000ad000000,0x00000004631f1008,0x0000000489a00000)
 Metaspace       used 16942K, capacity 17048K, committed 17280K, reserved 1064960K
  class space    used 2076K, capacity 2100K, committed 2176K, reserved 1048576K
}
Event: 843.714 GC heap before
{Heap before GC invocations=53 (full 13):
 PSYoungGen      total 5398528K, used 1966169K [0x000000058f000000, 0x00000007b2980000, 0x0000000800000000)
  eden space 1985536K, 0% used [0x000000058f000000,0x000000058f000000,0x0000000608300000)
  from space 3412992K, 57% used [0x0000000608300000,0x0000000680316550,0x00000006d8800000)
  to   space 3412992K, 0% used [0x00000006e2480000,0x00000006e2480000,0x00000007b2980000)
 ParOldGen       total 16197632K, used 15566788K [0x00000000ad000000, 0x0000000489a00000, 0x000000058f000000)
  object space 16197632K, 96% used [0x00000000ad000000,0x00000004631f1008,0x0000000489a00000)
 Metaspace       used 16942K, capacity 17048K, committed 17280K, reserved 1064960K
  class space    used 2076K, capacity 2100K, committed 2176K, reserved 1048576K

